........................................................................ [ 86%]
.........../home/cali/.local/lib/python3.12/site-packages/coverage/control.py:958: CoverageWarning: No data was collected. (no-data-collected); see https://coverage.readthedocs.io/en/7.13.4/messages.html#warning-no-data-collected
  self._warn("No data was collected.", slug="no-data-collected")
                                                              [100%]
================================ tests coverage ================================
_______________ coverage: platform linux, python 3.12.3-final-0 ________________

Name                                          Stmts   Miss  Cover   Missing
---------------------------------------------------------------------------
tokenpak/integrations/__init__.py                 0      0   100%
tokenpak/integrations/litellm/__init__.py         5      5     0%   27-32
tokenpak/integrations/litellm/formatter.py       62     62     0%   10-158
tokenpak/integrations/litellm/middleware.py      54     54     0%   31-182
tokenpak/integrations/litellm/parser.py          35     35     0%   11-76
tokenpak/integrations/litellm/proxy.py           52     52     0%   39-156
---------------------------------------------------------------------------
TOTAL                                           208    208     0%
83 passed in 1.68s
